
=== Fri Dec  4 23:26:30 2020

Packages were changed.
Update Mode: updateDependencies

The following packages were updated:
  com.unity.ext.nunit from version 1.0.0 to 1.0.5
  com.unity.test-framework from version 1.1.18 to 1.1.19
  com.unity.xr.legacyinputhelpers from version 2.1.4 to 2.1.6

=== Wed Dec 23 14:58:04 2020

Packages were changed.
Update Mode: updateDependencies

The following packages were added:
  com.unity.ide.visualstudio@2.0.5
The following packages were updated:
  com.unity.analytics from version 3.3.5 to 3.5.3
  com.unity.collab-proxy from version 1.2.16 to 1.3.9
  com.unity.ide.rider from version 1.1.4 to 2.0.7
  com.unity.render-pipelines.universal from version 7.3.1 to 10.2.2
  com.unity.shadergraph from version 7.3.1 to 10.2.2
  com.unity.textmeshpro from version 2.1.3 to 3.0.1

=== Wed Feb 24 12:02:54 2021

Packages were changed.
Update Mode: updateDependencies

The following packages were updated:
  com.unity.ext.nunit from version 1.0.5 to 1.0.6
  com.unity.purchasing from version 2.1.1 to 2.2.2
  com.unity.recorder from version 2.4.0-preview.1 to 2.5.2
  com.unity.render-pipelines.universal from version 10.2.2 to 10.3.1
  com.unity.shadergraph from version 10.2.2 to 10.3.1
  com.unity.xr.legacyinputhelpers from version 2.1.6 to 2.1.7

=== Sun Jun 20 20:14:18 2021

Packages were changed.
Update Mode: updateDependencies

The following packages were updated:
  com.unity.cinemachine from version 2.6.3 to 2.7.3
  com.unity.collab-proxy from version 1.3.9 to 1.5.7
  com.unity.ide.rider from version 2.0.7 to 3.0.7
  com.unity.ide.visualstudio from version 2.0.7 to 2.0.9
  com.unity.purchasing from version 2.2.2 to 3.2.1
  com.unity.recorder from version 2.5.4 to 2.5.5
  com.unity.render-pipelines.universal from version 10.3.1 to 11.0.0
  com.unity.shadergraph from version 10.3.2 to 11.0.0
  com.unity.textmeshpro from version 3.0.4 to 3.0.6
  com.unity.timeline from version 1.4.6 to 1.5.5
The following packages were removed:
  com.unity.device-simulator@2.2.4-preview
  com.unity.quicksearch@2.0.2

=== Fri Nov 12 12:59:13 2021

Packages were changed.
Update Mode: updateDependencies

The following packages were updated:
  com.unity.analytics from version 3.5.3 to 3.6.11
  com.unity.cinemachine from version 2.7.9 to 2.8.0
  com.unity.collab-proxy from version 1.5.7 to 1.13.5
  com.unity.purchasing from version 3.2.3 to 4.1.0
  com.unity.recorder from version 2.5.5 to 3.0.1
  com.unity.render-pipelines.universal from version 11.0.0 to 12.1.1
  com.unity.shadergraph from version 11.0.0 to 12.1.1
  com.unity.timeline from version 1.5.5 to 1.6.2
  com.unity.xr.legacyinputhelpers from version 2.1.7 to 2.1.8
The following packages were removed:
  com.unity.multiplayer-hlapi@1.0.6

=== Sat Dec  4 10:16:50 2021

Packages were changed.
Update Mode: updateDependencies

The following packages were updated:
  com.unity.analytics from version 3.6.11 to 3.6.12
  com.unity.cinemachine from version 2.8.0 to 2.8.2
  com.unity.collab-proxy from version 1.13.5 to 1.15.4
  com.unity.purchasing from version 4.1.0 to 4.1.1
  com.unity.recorder from version 3.0.1 to 3.0.3
  com.unity.render-pipelines.universal from version 12.1.1 to 12.1.2
  com.unity.shadergraph from version 12.1.1 to 12.1.2

=== Wed Dec  8 10:28:44 2021

Packages were changed.
Update Mode: updateDependencies

The following packages were updated:
  com.unity.render-pipelines.universal from version 12.1.0 to 12.1.2
  com.unity.shadergraph from version 12.1.0 to 12.1.2

=== Sun May 15 23:56:57 2022

Packages were changed.
Update Mode: updateDependencies

The following packages were updated:
  com.unity.cinemachine from version 2.8.3 to 2.8.4
  com.unity.collab-proxy from version 1.15.7 to 1.15.13
  com.unity.ide.rider from version 3.0.7 to 3.0.12
  com.unity.ide.visualstudio from version 2.0.12 to 2.0.14
  com.unity.ide.vscode from version 1.2.4 to 1.2.5
  com.unity.purchasing from version 4.1.2 to 4.1.3
  com.unity.render-pipelines.universal from version 12.1.2 to 12.1.5
  com.unity.shadergraph from version 12.1.2 to 12.1.5
  com.unity.test-framework from version 1.1.30 to 1.1.31
  com.unity.timeline from version 1.6.3 to 1.6.4

=== Fri Oct  7 11:13:06 2022

Packages were changed.
Update Mode: updateDependencies

The following packages were updated:
  com.unity.analytics from version 3.6.12 to 3.7.1
  com.unity.cinemachine from version 2.8.4 to 2.8.9
  com.unity.collab-proxy from version 1.15.13 to 1.17.2
  com.unity.ide.rider from version 3.0.12 to 3.0.15
  com.unity.ide.visualstudio from version 2.0.14 to 2.0.16
  com.unity.purchasing from version 4.1.3 to 4.4.1
  com.unity.render-pipelines.universal from version 12.1.5 to 13.1.8
  com.unity.shadergraph from version 12.1.5 to 13.1.8
  com.unity.test-framework from version 1.1.31 to 1.1.33
  com.unity.timeline from version 1.6.4 to 1.7.1
  com.unity.xr.legacyinputhelpers from version 2.1.8 to 2.1.10

=== Wed Aug 23 18:13:45 2023

Packages were changed.
Update Mode: updateDependencies

The following packages were added:
  com.unity.ai.navigation@1.1.4
The following packages were updated:
  com.unity.analytics from version 3.7.1 to 3.8.1
  com.unity.cinemachine from version 2.8.9 to 2.9.5
  com.unity.collab-proxy from version 1.17.2 to 2.0.5
  com.unity.ide.rider from version 3.0.15 to 3.0.24
  com.unity.ide.visualstudio from version 2.0.16 to 2.0.18
  com.unity.purchasing from version 4.5.0 to 4.9.3
  com.unity.recorder from version 3.0.3 to 4.0.1
  com.unity.render-pipelines.universal from version 13.1.8 to 14.0.8
  com.unity.shadergraph from version 13.1.8 to 14.0.8
  com.unity.timeline from version 1.7.1 to 1.7.5

=== Tue Dec 26 17:17:48 2023

Packages were changed.
Update Mode: updateDependencies

The following packages were updated:
  com.unity.ai.navigation from version 1.1.4 to 1.1.5
  com.unity.collab-proxy from version 2.0.7 to 2.2.0
  com.unity.ide.rider from version 3.0.24 to 3.0.26
  com.unity.ide.visualstudio from version 2.0.20 to 2.0.22
  com.unity.recorder from version 4.0.1 to 4.0.2
  com.unity.render-pipelines.universal from version 14.0.8 to 14.0.9
  com.unity.shadergraph from version 14.0.8 to 14.0.9
  com.unity.timeline from version 1.7.5 to 1.7.6

=== Tue Jan 16 22:30:40 2024

Packages were changed.
Update Mode: updateDependencies

The following packages were added:
  com.unity.2d.sprite@1.0.0
  com.unity.2d.tilemap@1.0.0
  com.unity.ads@4.4.2
  com.unity.analytics@3.8.1
  com.unity.ide.visualstudio@2.0.22
  com.unity.purchasing@4.9.3
  com.unity.ai.navigation@1.1.5
